<?xml version="1.0" encoding="UTF-8"?>
<!-- Generated by org.testng.reporters.JUnitReportReporter -->
<testsuite hostname="LAPTOP-QNKEP47S" failures="0" tests="2" name="com.crm.orgtest.OrgTest" time="0.011" errors="0" timestamp="2021-10-19T08:04:50 IST" skipped="0">
  <testcase classname="com.crm.orgtest.OrgTest" name="CreateOrgTest" time="0.009"/>
  <system-out/>
  <testcase classname="com.crm.orgtest.OrgTest" name="EditTest" time="0.002"/>
  <system-out/>
</testsuite> <!-- com.crm.orgtest.OrgTest -->
